[24:28:27.326] [INFO] Storybook Upgrade - v10.0.7
[24:28:27.412] [INFO] detect-projects-spinner-start: Detecting projects...
[24:28:27.415] [DEBUG] Finding Storybook projects...
[24:28:27.748] [DEBUG] Found 0 Storybook projects
[24:29:05.527] [PROMPT] No Storybook projects were found. Please enter the path to the .storybook directory for the project you want to upgrade. {"choice":""}
[24:29:05.551] [INFO] detect-projects-spinner: Detecting projects: 1 projects
[24:29:05.552] [DEBUG] Getting Storybook data...
[24:29:05.552] [DEBUG] Getting Storybook info...
[24:29:05.560] [DEBUG] Loading main config...
[24:29:05.570] [DEBUG] Error: Unable to find or evaluate null: SB_CORE-SERVER_0006 (MainFileMissingError): No configuration files have been found in your configDir: .storybook.
Storybook needs a "main.js" file, please add it.

You can pass a --config-dir flag to tell Storybook, where your main.js file is located at.

More info: https://storybook.js.org/docs/configure?ref=error

[24:29:05.570] [INFO] detect-projects-spinner-stop: 1 project detected
[24:29:05.571] [DEBUG] Found 0 valid projects and 1 error projects
[24:29:05.571] [ERROR] Failed to get projects
[24:29:05.621] [ERROR] Error: ❌ Storybook found errors while collecting data for the following projects:
:
Error: Unable to find or evaluate null: SB_CORE-SERVER_0006 (MainFileMissingError): No configuration files have been found in your configDir: .storybook.
Storybook needs a "main.js" file, please add it.

You can pass a --config-dir flag to tell Storybook, where your main.js file is located at.

More info: https://storybook.js.org/docs/configure?ref=error

    at getStorybookData (file:///C:/Users/shuer/AppData/Local/npm-cache/_npx/b07154edad76fb17/node_modules/@storybook/cli/dist/_node-chunks/chunk-7HKCVKPS.js:1207:11)
    at async processProject (file:///C:/Users/shuer/AppData/Local/npm-cache/_npx/b07154edad76fb17/node_modules/@storybook/cli/dist/_node-chunks/chunk-7HKCVKPS.js:1369:9)
Please fix the errors and run the upgrade command again.
    at getProjects (file:///C:/Users/shuer/AppData/Local/npm-cache/_npx/b07154edad76fb17/node_modules/@storybook/cli/dist/_node-chunks/chunk-7HKCVKPS.js:1606:13)
    at async file:///C:/Users/shuer/AppData/Local/npm-cache/_npx/b07154edad76fb17/node_modules/@storybook/cli/dist/_node-chunks/run-UAC7YQVT.js:11149:30
    at async withTelemetry (file:///C:/Users/shuer/AppData/Local/npm-cache/_npx/b07154edad76fb17/node_modules/storybook/dist/_node-chunks/chunk-R5RWAUHB.js:278:12)
    at async upgrade (file:///C:/Users/shuer/AppData/Local/npm-cache/_npx/b07154edad76fb17/node_modules/@storybook/cli/dist/_node-chunks/run-UAC7YQVT.js:11144:3)
    at async Command.<anonymous> (file:///C:/Users/shuer/AppData/Local/npm-cache/_npx/b07154edad76fb17/node_modules/@storybook/cli/dist/_node-chunks/run-UAC7YQVT.js:11394:3)
[24:29:06.184] [ERROR] Error: ❌ Storybook found errors while collecting data for the following projects:
:
Error: Unable to find or evaluate null: SB_CORE-SERVER_0006 (MainFileMissingError): No configuration files have been found in your configDir: .storybook.
Storybook needs a "main.js" file, please add it.

You can pass a --config-dir flag to tell Storybook, where your main.js file is located at.

More info: https://storybook.js.org/docs/configure?ref=error

    at getStorybookData (file:///C:/Users/shuer/AppData/Local/npm-cache/_npx/b07154edad76fb17/node_modules/@storybook/cli/dist/_node-chunks/chunk-7HKCVKPS.js:1207:11)
    at async processProject (file:///C:/Users/shuer/AppData/Local/npm-cache/_npx/b07154edad76fb17/node_modules/@storybook/cli/dist/_node-chunks/chunk-7HKCVKPS.js:1369:9)
Please fix the errors and run the upgrade command again.